Oct 16, 2024 01:46:31 PM org.acumen.training.codes.Mathematics2 add
INFO: start of add with params: LOGGER1:INFO in 5c647e05 10
Oct 16, 2024 01:46:31 PM org.acumen.training.codes.Mathematics2 add
INFO: the sum of: 10 + 20 is 29
Oct 16, 2024 01:46:31 PM org.acumen.training.codes.Mathematics2 add
INFO: end of add()
Oct 16, 2024 01:46:31 PM org.acumen.training.codes.Mathematics2 add
INFO: start of add with params: LOGGER1:INFO in 5c647e05 10
Oct 16, 2024 01:46:31 PM org.acumen.training.codes.Mathematics2 add
INFO: the sum of: 10 + 20 is 29
Oct 16, 2024 01:46:31 PM org.acumen.training.codes.Mathematics2 add
INFO: end of add()
Oct 16, 2024 01:46:31 PM org.acumen.training.codes.Mathematics2 add
INFO: start of add with params: LOGGER1:INFO in 5c647e05 10
Oct 16, 2024 01:46:31 PM org.acumen.training.codes.Mathematics2 add
INFO: the sum of: 10 + 20 is 29
Oct 16, 2024 01:46:31 PM org.acumen.training.codes.Mathematics2 add
INFO: end of add()
Oct 16, 2024 01:46:31 PM org.acumen.training.codes.Mathematics2 add
INFO: start of add with params: LOGGER1:INFO in 5c647e05 10
Oct 16, 2024 01:46:31 PM org.acumen.training.codes.Mathematics2 add
INFO: the sum of: 10 + 20 is 29
Oct 16, 2024 01:46:31 PM org.acumen.training.codes.Mathematics2 add
INFO: end of add()
Oct 16, 2024 01:46:31 PM org.acumen.training.codes.Mathematics2 add
INFO: start of add with params: LOGGER1:INFO in 5c647e05 10
Oct 16, 2024 01:46:31 PM org.acumen.training.codes.Mathematics2 add
INFO: the sum of: 10 + 20 is 29
Oct 16, 2024 01:46:31 PM org.acumen.training.codes.Mathematics2 add
INFO: end of add()
Oct 16, 2024 01:50:42 PM org.acumen.training.codes.Mathematics2 add
INFO: start of add with params: LOGGER1:INFO in 5c647e05 10
Oct 16, 2024 01:50:42 PM org.acumen.training.codes.Mathematics2 add
INFO: the sum of: 10 + 20 is 29
Oct 16, 2024 01:50:42 PM org.acumen.training.codes.Mathematics2 add
INFO: end of add()
Oct 16, 2024 01:50:42 PM org.acumen.training.codes.Mathematics2 add
INFO: start of add with params: LOGGER1:INFO in 5c647e05 10
Oct 16, 2024 01:50:42 PM org.acumen.training.codes.Mathematics2 add
INFO: the sum of: 10 + 20 is 29
Oct 16, 2024 01:50:42 PM org.acumen.training.codes.Mathematics2 add
INFO: end of add()
Oct 16, 2024 01:50:42 PM org.acumen.training.codes.Mathematics2 add
INFO: start of add with params: LOGGER1:INFO in 5c647e05 10
Oct 16, 2024 01:50:42 PM org.acumen.training.codes.Mathematics2 add
INFO: the sum of: 10 + 20 is 29
Oct 16, 2024 01:50:42 PM org.acumen.training.codes.Mathematics2 add
INFO: end of add()
Oct 16, 2024 01:50:42 PM org.acumen.training.codes.Mathematics2 add
INFO: start of add with params: LOGGER1:INFO in 5c647e05 10
Oct 16, 2024 01:50:42 PM org.acumen.training.codes.Mathematics2 add
INFO: the sum of: 10 + 20 is 29
Oct 16, 2024 01:50:42 PM org.acumen.training.codes.Mathematics2 add
INFO: end of add()
Oct 16, 2024 01:50:42 PM org.acumen.training.codes.Mathematics2 add
INFO: start of add with params: LOGGER1:INFO in 5c647e05 10
Oct 16, 2024 01:50:42 PM org.acumen.training.codes.Mathematics2 add
INFO: the sum of: 10 + 20 is 29
Oct 16, 2024 01:50:42 PM org.acumen.training.codes.Mathematics2 add
INFO: end of add()
Oct 16, 2024 01:50:51 PM org.acumen.training.codes.Mathematics2 add
INFO: start of add with params: LOGGER1:INFO in 5c647e05 10
Oct 16, 2024 01:50:51 PM org.acumen.training.codes.Mathematics2 add
INFO: the sum of: 10 + 20 is 29
Oct 16, 2024 01:50:51 PM org.acumen.training.codes.Mathematics2 add
INFO: end of add()
Oct 16, 2024 01:50:51 PM org.acumen.training.codes.Mathematics2 add
INFO: start of add with params: LOGGER1:INFO in 5c647e05 10
Oct 16, 2024 01:50:51 PM org.acumen.training.codes.Mathematics2 add
INFO: the sum of: 10 + 20 is 29
Oct 16, 2024 01:50:51 PM org.acumen.training.codes.Mathematics2 add
INFO: end of add()
Oct 16, 2024 01:50:51 PM org.acumen.training.codes.Mathematics2 add
INFO: start of add with params: LOGGER1:INFO in 5c647e05 10
Oct 16, 2024 01:50:51 PM org.acumen.training.codes.Mathematics2 add
INFO: the sum of: 10 + 20 is 29
Oct 16, 2024 01:50:51 PM org.acumen.training.codes.Mathematics2 add
INFO: end of add()
Oct 16, 2024 01:50:51 PM org.acumen.training.codes.Mathematics2 add
INFO: start of add with params: LOGGER1:INFO in 5c647e05 10
Oct 16, 2024 01:50:51 PM org.acumen.training.codes.Mathematics2 add
INFO: the sum of: 10 + 20 is 29
Oct 16, 2024 01:50:51 PM org.acumen.training.codes.Mathematics2 add
INFO: end of add()
Oct 16, 2024 01:50:51 PM org.acumen.training.codes.Mathematics2 add
INFO: start of add with params: LOGGER1:INFO in 5c647e05 10
Oct 16, 2024 01:50:51 PM org.acumen.training.codes.Mathematics2 add
INFO: the sum of: 10 + 20 is 29
Oct 16, 2024 01:50:51 PM org.acumen.training.codes.Mathematics2 add
INFO: end of add()
Oct 16, 2024 01:51:28 PM org.acumen.training.codes.Mathematics2 add
INFO: start of add with params: 10 20
Oct 16, 2024 01:51:28 PM org.acumen.training.codes.Mathematics2 add
INFO: the sum of: 10 + 20 is 29
Oct 16, 2024 01:51:28 PM org.acumen.training.codes.Mathematics2 add
INFO: end of add()
Oct 16, 2024 01:51:28 PM org.acumen.training.codes.Mathematics2 add
INFO: start of add with params: 10 20
Oct 16, 2024 01:51:28 PM org.acumen.training.codes.Mathematics2 add
INFO: the sum of: 10 + 20 is 29
Oct 16, 2024 01:51:28 PM org.acumen.training.codes.Mathematics2 add
INFO: end of add()
Oct 16, 2024 01:51:28 PM org.acumen.training.codes.Mathematics2 add
INFO: start of add with params: 10 20
Oct 16, 2024 01:51:28 PM org.acumen.training.codes.Mathematics2 add
INFO: the sum of: 10 + 20 is 29
Oct 16, 2024 01:51:28 PM org.acumen.training.codes.Mathematics2 add
INFO: end of add()
Oct 16, 2024 01:51:28 PM org.acumen.training.codes.Mathematics2 add
INFO: start of add with params: 10 20
Oct 16, 2024 01:51:28 PM org.acumen.training.codes.Mathematics2 add
INFO: the sum of: 10 + 20 is 29
Oct 16, 2024 01:51:28 PM org.acumen.training.codes.Mathematics2 add
INFO: end of add()
Oct 16, 2024 01:51:28 PM org.acumen.training.codes.Mathematics2 add
INFO: start of add with params: 10 20
Oct 16, 2024 01:51:28 PM org.acumen.training.codes.Mathematics2 add
INFO: the sum of: 10 + 20 is 29
Oct 16, 2024 01:51:28 PM org.acumen.training.codes.Mathematics2 add
INFO: end of add()
Oct 16, 2024 02:34:34 PM org.acumen.training.codes.Mathematics2 add
INFO: start of add with params: 10 20
Oct 16, 2024 02:34:34 PM org.acumen.training.codes.Mathematics2 add
INFO: the sum of: 10 + 20 is 29
Oct 16, 2024 02:34:34 PM org.acumen.training.codes.Mathematics2 add
INFO: end of add()
Oct 16, 2024 02:34:34 PM org.acumen.training.codes.Mathematics2 add
INFO: start of add with params: 10 20
Oct 16, 2024 02:34:34 PM org.acumen.training.codes.Mathematics2 add
INFO: the sum of: 10 + 20 is 29
Oct 16, 2024 02:34:34 PM org.acumen.training.codes.Mathematics2 add
INFO: end of add()
Oct 16, 2024 02:35:06 PM org.acumen.training.codes.Mathematics2 add
INFO: start of add with params: 10 20
Oct 16, 2024 02:35:06 PM org.acumen.training.codes.Mathematics2 add
INFO: the sum of: 10 + 20 is 29
Oct 16, 2024 02:35:06 PM org.acumen.training.codes.Mathematics2 add
INFO: end of add()
Oct 16, 2024 02:35:06 PM org.acumen.training.codes.Mathematics2 add
INFO: start of add with params: 10 20
Oct 16, 2024 02:35:06 PM org.acumen.training.codes.Mathematics2 add
INFO: the sum of: 10 + 20 is 29
Oct 16, 2024 02:35:06 PM org.acumen.training.codes.Mathematics2 add
INFO: end of add()
